<?xml version="1.0" encoding="UTF-8"?>
<!-- Generated by org.testng.reporters.JUnitXMLReporter -->
<testsuite hostname="DESKTOP-A7L5GQS" ignored="2" name="Test" tests="2" failures="0" timestamp="26 Jul 2018 03:42:51 GMT" time="6.049" errors="0">
  <testcase name="@BeforeMethod beforemethod" time="0.003" classname="com.report.BaseTest">
    <failure type="java.lang.NullPointerException">
      <![CDATA[java.lang.NullPointerException
at com.report.BaseTest.beforemethod(BaseTest.java:47)
at java.util.concurrent.ThreadPoolExecutor.runWorker(ThreadPoolExecutor.java:1149)
at java.util.concurrent.ThreadPoolExecutor$Worker.run(ThreadPoolExecutor.java:624)
at java.lang.Thread.run(Thread.java:748)
... Removed 13 stack frames]]>
    </failure>
  </testcase> <!-- @BeforeMethod beforemethod -->
  <testcase name="@AfterMethod aftermethod" time="0.0" classname="com.report.BaseTest">
    <skipped/>
  </testcase> <!-- @AfterMethod aftermethod -->
  <testcase name="@AfterMethod aftermethod" time="0.0" classname="com.report.BaseTest">
    <skipped/>
  </testcase> <!-- @AfterMethod aftermethod -->
  <testcase name="@AfterTest sfterSuite" time="0.0" classname="com.report.BaseTest">
    <skipped/>
  </testcase> <!-- @AfterTest sfterSuite -->
  <testcase name="testtest" time="0.0" classname="com.automation.TestClass2">
    <skipped/>
  </testcase> <!-- testtest -->
  <testcase name="testtest" time="5.777" classname="com.automation.TestClass"/>
  <testcase name="@BeforeTest beforesuit" time="0.0" classname="com.report.BaseTest">
    <ignored/>
  </testcase> <!-- @BeforeTest beforesuit -->
  <testcase name="@AfterTest sfterSuite" time="0.0" classname="com.report.BaseTest">
    <ignored/>
  </testcase> <!-- @AfterTest sfterSuite -->
</testsuite> <!-- Test -->
